{
"contracts/interfaces/INFTMarketplace.sol":{"l":{},"path":"/Users/anasofalfons/Documents/UNIVERSIDAD/SEMESTRE_7/CROODY/contracts/contracts/interfaces/INFTMarketplace.sol","s":{},"b":{},"f":{},"fnMap":{},"statementMap":{},"branchMap":{}},
"contracts/interfaces/IProjectToken.sol":{"l":{},"path":"/Users/anasofalfons/Documents/UNIVERSIDAD/SEMESTRE_7/CROODY/contracts/contracts/interfaces/IProjectToken.sol","s":{},"b":{},"f":{},"fnMap":{},"statementMap":{},"branchMap":{}},
"contracts/NFTCollection.sol":{"l":{"26":8,"34":6,"36":5,"37":5,"39":5,"40":5,"42":5,"49":5,"53":0,"65":1,"77":3},"path":"/Users/anasofalfons/Documents/UNIVERSIDAD/SEMESTRE_7/CROODY/contracts/contracts/NFTCollection.sol","s":{"1":8,"2":6,"3":5,"4":5,"5":5,"6":5,"7":0,"8":1,"9":3},"b":{"1":[6,1],"2":[1,5]},"f":{"1":8,"2":6,"3":5,"4":0,"5":1,"6":3},"fnMap":{"1":{"name":"constructor","line":25,"loc":{"start":{"line":25,"column":4},"end":{"line":27,"column":4}}},"2":{"name":"mintTo","line":33,"loc":{"start":{"line":33,"column":4},"end":{"line":43,"column":4}}},"3":{"name":"_beforeTokenTransfer","line":45,"loc":{"start":{"line":45,"column":4},"end":{"line":50,"column":4}}},"4":{"name":"_burn","line":52,"loc":{"start":{"line":52,"column":4},"end":{"line":54,"column":4}}},"5":{"name":"tokenURI","line":59,"loc":{"start":{"line":59,"column":4},"end":{"line":66,"column":4}}},"6":{"name":"supportsInterface","line":71,"loc":{"start":{"line":71,"column":4},"end":{"line":78,"column":4}}}},"statementMap":{"1":{"start":{"line":26,"column":8},"end":{"line":26,"column":38}},"2":{"start":{"line":34,"column":8},"end":{"line":34,"column":55}},"3":{"start":{"line":39,"column":8},"end":{"line":39,"column":29}},"4":{"start":{"line":40,"column":8},"end":{"line":40,"column":41}},"5":{"start":{"line":42,"column":8},"end":{"line":42,"column":48}},"6":{"start":{"line":49,"column":8},"end":{"line":49,"column":68}},"7":{"start":{"line":53,"column":8},"end":{"line":53,"column":27}},"8":{"start":{"line":65,"column":8},"end":{"line":65,"column":38}},"9":{"start":{"line":77,"column":8},"end":{"line":77,"column":51}}},"branchMap":{"1":{"line":33,"type":"if","locations":[{"start":{"line":33,"column":70},"end":{"line":33,"column":70}},{"start":{"line":33,"column":70},"end":{"line":33,"column":70}}]},"2":{"line":34,"type":"if","locations":[{"start":{"line":34,"column":8},"end":{"line":34,"column":8}},{"start":{"line":34,"column":8},"end":{"line":34,"column":8}}]}}},
"contracts/ProjectToken.sol":{"l":{"23":9,"31":6,"32":5},"path":"/Users/anasofalfons/Documents/UNIVERSIDAD/SEMESTRE_7/CROODY/contracts/contracts/ProjectToken.sol","s":{"1":9,"2":6,"3":5},"b":{"1":[6,1],"2":[1,5]},"f":{"1":9,"2":6},"fnMap":{"1":{"name":"constructor","line":22,"loc":{"start":{"line":22,"column":4},"end":{"line":24,"column":4}}},"2":{"name":"distribute","line":30,"loc":{"start":{"line":30,"column":4},"end":{"line":33,"column":4}}}},"statementMap":{"1":{"start":{"line":23,"column":8},"end":{"line":23,"column":57}},"2":{"start":{"line":31,"column":8},"end":{"line":31,"column":73}},"3":{"start":{"line":32,"column":8},"end":{"line":32,"column":43}}},"branchMap":{"1":{"line":30,"type":"if","locations":[{"start":{"line":30,"column":61},"end":{"line":30,"column":61}},{"start":{"line":30,"column":61},"end":{"line":30,"column":61}}]},"2":{"line":31,"type":"if","locations":[{"start":{"line":31,"column":8},"end":{"line":31,"column":8}},{"start":{"line":31,"column":8},"end":{"line":31,"column":8}}]}}}}
