TN:
SF:/Users/anasofalfons/Documents/UNIVERSIDAD/SEMESTRE_7/CROODY/contracts/contracts/interfaces/INFTMarketplace.sol
FNF:0
FNH:0
LF:0
LH:0
BRF:0
BRH:0
end_of_record
TN:
SF:/Users/anasofalfons/Documents/UNIVERSIDAD/SEMESTRE_7/CROODY/contracts/contracts/interfaces/IProjectToken.sol
FNF:0
FNH:0
LF:0
LH:0
BRF:0
BRH:0
end_of_record
TN:
SF:/Users/anasofalfons/Documents/UNIVERSIDAD/SEMESTRE_7/CROODY/contracts/contracts/NFTCollection.sol
FN:25,constructor
FN:33,mintTo
FN:45,_beforeTokenTransfer
FN:52,_burn
FN:59,tokenURI
FN:71,supportsInterface
FNF:6
FNH:5
FNDA:46,constructor
FNDA:44,mintTo
FNDA:83,_beforeTokenTransfer
FNDA:0,_burn
FNDA:2,tokenURI
FNDA:3,supportsInterface
DA:26,46
DA:34,44
DA:36,43
DA:37,43
DA:39,43
DA:40,43
DA:42,43
DA:49,83
DA:53,0
DA:65,2
DA:77,3
LF:11
LH:10
BRDA:33,1,0,44
BRDA:33,1,1,1
BRDA:34,2,0,1
BRDA:34,2,1,43
BRF:4
BRH:4
end_of_record
TN:
SF:/Users/anasofalfons/Documents/UNIVERSIDAD/SEMESTRE_7/CROODY/contracts/contracts/NFTMarketplace.sol
FN:55,constructor
FN:60,createAuction
FN:98,placeBid
FN:128,endAuction
FN:155,cancelAuction
FN:171,getAuction
FN:190,getLastAuctionId
FN:194,getAllActiveAuctions
FNF:8
FNH:8
FNDA:32,constructor
FNDA:29,createAuction
FNDA:12,placeBid
FNDA:9,endAuction
FNDA:6,cancelAuction
FNDA:7,getAuction
FNDA:2,getLastAuctionId
FNDA:4,getAllActiveAuctions
DA:56,32
DA:57,32
DA:66,29
DA:67,28
DA:69,27
DA:70,27
DA:71,26
DA:78,25
DA:80,25
DA:81,25
DA:83,25
DA:95,25
DA:99,12
DA:100,12
DA:101,12
DA:102,12
DA:103,12
DA:104,11
DA:105,10
DA:106,9
DA:109,8
DA:110,1
DA:117,8
DA:122,8
DA:123,8
DA:125,8
DA:129,9
DA:130,9
DA:131,9
DA:132,8
DA:133,8
DA:135,7
DA:137,7
DA:139,7
DA:141,2
DA:143,2
DA:147,2
DA:150,5
DA:151,5
DA:156,6
DA:157,6
DA:158,5
DA:159,4
DA:160,4
DA:162,3
DA:165,3
DA:166,3
DA:168,3
DA:182,7
DA:183,7
DA:191,2
DA:195,4
DA:196,4
DA:198,4
DA:199,3
DA:200,3
DA:201,1
DA:205,4
DA:206,4
DA:208,4
DA:209,3
DA:210,3
DA:211,1
DA:223,1
DA:227,4
LF:65
LH:65
BRDA:56,1,0,32
BRDA:56,1,1,0
BRDA:66,2,0,28
BRDA:66,2,1,1
BRDA:67,3,0,27
BRDA:67,3,1,1
BRDA:70,4,0,26
BRDA:70,4,1,1
BRDA:71,5,0,25
BRDA:71,5,1,1
BRDA:72,6,0,25
BRDA:72,6,1,0
BRDA:98,7,0,12
BRDA:98,7,1,0
BRDA:100,8,0,12
BRDA:100,8,1,0
BRDA:101,9,0,12
BRDA:101,9,1,0
BRDA:102,10,0,12
BRDA:102,10,1,0
BRDA:103,11,0,11
BRDA:103,11,1,1
BRDA:104,12,0,10
BRDA:104,12,1,1
BRDA:105,13,0,9
BRDA:105,13,1,1
BRDA:106,14,0,8
BRDA:106,14,1,1
BRDA:109,15,0,1
BRDA:109,15,1,7
BRDA:110,16,0,1
BRDA:110,16,1,0
BRDA:117,17,0,8
BRDA:117,17,1,0
BRDA:128,18,0,9
BRDA:128,18,1,0
BRDA:130,19,0,9
BRDA:130,19,1,0
BRDA:131,20,0,8
BRDA:131,20,1,1
BRDA:132,21,0,8
BRDA:132,21,1,0
BRDA:133,22,0,7
BRDA:133,22,1,1
BRDA:139,23,0,2
BRDA:139,23,1,5
BRDA:143,24,0,2
BRDA:143,24,1,0
BRDA:155,25,0,6
BRDA:155,25,1,0
BRDA:157,26,0,5
BRDA:157,26,1,1
BRDA:158,27,0,4
BRDA:158,27,1,1
BRDA:159,28,0,4
BRDA:159,28,1,0
BRDA:160,29,0,3
BRDA:160,29,1,1
BRDA:200,30,0,1
BRDA:200,30,1,2
BRDA:210,31,0,1
BRDA:210,31,1,2
BRF:62
BRH:48
end_of_record
TN:
SF:/Users/anasofalfons/Documents/UNIVERSIDAD/SEMESTRE_7/CROODY/contracts/contracts/ProjectToken.sol
FN:22,constructor
FN:30,distribute
FNF:2
FNH:2
FNDA:41,constructor
FNDA:71,distribute
DA:23,41
DA:31,71
DA:32,70
LF:3
LH:3
BRDA:30,1,0,71
BRDA:30,1,1,1
BRDA:31,2,0,1
BRDA:31,2,1,70
BRF:4
BRH:4
end_of_record
