{"contracts/interfaces/INFTMarketplace.sol":{"l":{},"path":"/Users/anasofalfons/Documents/UNIVERSIDAD/SEMESTRE_7/CROODY/contracts/contracts/interfaces/INFTMarketplace.sol","s":{},"b":{},"f":{},"fnMap":{},"statementMap":{},"branchMap":{}},"contracts/interfaces/IProjectToken.sol":{"l":{},"path":"/Users/anasofalfons/Documents/UNIVERSIDAD/SEMESTRE_7/CROODY/contracts/contracts/interfaces/IProjectToken.sol","s":{},"b":{},"f":{},"fnMap":{},"statementMap":{},"branchMap":{}},"contracts/NFTCollection.sol":{"l":{"26":46,"34":44,"36":43,"37":43,"39":43,"40":43,"42":43,"49":83,"53":0,"65":2,"77":3},"path":"/Users/anasofalfons/Documents/UNIVERSIDAD/SEMESTRE_7/CROODY/contracts/contracts/NFTCollection.sol","s":{"1":46,"2":44,"3":43,"4":43,"5":43,"6":83,"7":0,"8":2,"9":3},"b":{"1":[44,1],"2":[1,43]},"f":{"1":46,"2":44,"3":83,"4":0,"5":2,"6":3},"fnMap":{"1":{"name":"constructor","line":25,"loc":{"start":{"line":25,"column":4},"end":{"line":27,"column":4}}},"2":{"name":"mintTo","line":33,"loc":{"start":{"line":33,"column":4},"end":{"line":43,"column":4}}},"3":{"name":"_beforeTokenTransfer","line":45,"loc":{"start":{"line":45,"column":4},"end":{"line":50,"column":4}}},"4":{"name":"_burn","line":52,"loc":{"start":{"line":52,"column":4},"end":{"line":54,"column":4}}},"5":{"name":"tokenURI","line":59,"loc":{"start":{"line":59,"column":4},"end":{"line":66,"column":4}}},"6":{"name":"supportsInterface","line":71,"loc":{"start":{"line":71,"column":4},"end":{"line":78,"column":4}}}},"statementMap":{"1":{"start":{"line":26,"column":8},"end":{"line":26,"column":38}},"2":{"start":{"line":34,"column":8},"end":{"line":34,"column":55}},"3":{"start":{"line":39,"column":8},"end":{"line":39,"column":29}},"4":{"start":{"line":40,"column":8},"end":{"line":40,"column":41}},"5":{"start":{"line":42,"column":8},"end":{"line":42,"column":48}},"6":{"start":{"line":49,"column":8},"end":{"line":49,"column":68}},"7":{"start":{"line":53,"column":8},"end":{"line":53,"column":27}},"8":{"start":{"line":65,"column":8},"end":{"line":65,"column":38}},"9":{"start":{"line":77,"column":8},"end":{"line":77,"column":51}}},"branchMap":{"1":{"line":33,"type":"if","locations":[{"start":{"line":33,"column":70},"end":{"line":33,"column":70}},{"start":{"line":33,"column":70},"end":{"line":33,"column":70}}]},"2":{"line":34,"type":"if","locations":[{"start":{"line":34,"column":8},"end":{"line":34,"column":8}},{"start":{"line":34,"column":8},"end":{"line":34,"column":8}}]}}},"contracts/NFTMarketplace.sol":{"l":{"56":32,"57":32,"66":29,"67":28,"69":27,"70":27,"71":26,"78":25,"80":25,"81":25,"83":25,"95":25,"99":12,"100":12,"101":12,"102":12,"103":12,"104":11,"105":10,"106":9,"109":8,"110":1,"117":8,"122":8,"123":8,"125":8,"129":9,"130":9,"131":9,"132":8,"133":8,"135":7,"137":7,"139":7,"141":2,"143":2,"147":2,"150":5,"151":5,"156":6,"157":6,"158":5,"159":4,"160":4,"162":3,"165":3,"166":3,"168":3,"182":7,"183":7,"191":2,"195":4,"196":4,"198":4,"199":3,"200":3,"201":1,"205":4,"206":4,"208":4,"209":3,"210":3,"211":1,"223":1,"227":4},"path":"/Users/anasofalfons/Documents/UNIVERSIDAD/SEMESTRE_7/CROODY/contracts/contracts/NFTMarketplace.sol","s":{"1":32,"2":29,"3":28,"4":27,"5":27,"6":26,"7":25,"8":25,"9":12,"10":12,"11":12,"12":12,"13":12,"14":11,"15":10,"16":9,"17":8,"18":1,"19":8,"20":8,"21":9,"22":9,"23":9,"24":8,"25":8,"26":7,"27":7,"28":2,"29":2,"30":2,"31":5,"32":5,"33":6,"34":6,"35":5,"36":4,"37":4,"38":3,"39":3,"40":3,"41":7,"42":7,"43":2,"44":4,"45":4,"46":4,"47":3,"48":3,"49":4,"50":4,"51":4,"52":3,"53":3,"54":4},"b":{"1":[32,0],"2":[28,1],"3":[27,1],"4":[26,1],"5":[25,1],"6":[25,0],"7":[12,0],"8":[12,0],"9":[12,0],"10":[12,0],"11":[11,1],"12":[10,1],"13":[9,1],"14":[8,1],"15":[1,7],"16":[1,0],"17":[8,0],"18":[9,0],"19":[9,0],"20":[8,1],"21":[8,0],"22":[7,1],"23":[2,5],"24":[2,0],"25":[6,0],"26":[5,1],"27":[4,1],"28":[4,0],"29":[3,1],"30":[1,2],"31":[1,2]},"f":{"1":32,"2":29,"3":12,"4":9,"5":6,"6":7,"7":2,"8":4},"fnMap":{"1":{"name":"constructor","line":55,"loc":{"start":{"line":55,"column":4},"end":{"line":58,"column":4}}},"2":{"name":"createAuction","line":60,"loc":{"start":{"line":60,"column":4},"end":{"line":96,"column":4}}},"3":{"name":"placeBid","line":98,"loc":{"start":{"line":98,"column":4},"end":{"line":126,"column":4}}},"4":{"name":"endAuction","line":128,"loc":{"start":{"line":128,"column":4},"end":{"line":153,"column":4}}},"5":{"name":"cancelAuction","line":155,"loc":{"start":{"line":155,"column":4},"end":{"line":169,"column":4}}},"6":{"name":"getAuction","line":171,"loc":{"start":{"line":171,"column":4},"end":{"line":188,"column":4}}},"7":{"name":"getLastAuctionId","line":190,"loc":{"start":{"line":190,"column":4},"end":{"line":192,"column":4}}},"8":{"name":"getAllActiveAuctions","line":194,"loc":{"start":{"line":194,"column":4},"end":{"line":228,"column":4}}}},"statementMap":{"1":{"start":{"line":56,"column":8},"end":{"line":56,"column":68}},"2":{"start":{"line":66,"column":8},"end":{"line":66,"column":62}},"3":{"start":{"line":67,"column":8},"end":{"line":67,"column":63}},"4":{"start":{"line":69,"column":8},"end":{"line":69,"column":42}},"5":{"start":{"line":70,"column":8},"end":{"line":70,"column":71}},"6":{"start":{"line":71,"column":8},"end":{"line":71,"column":2138}},"7":{"start":{"line":78,"column":8},"end":{"line":78,"column":59}},"8":{"start":{"line":95,"column":8},"end":{"line":95,"column":112}},"9":{"start":{"line":99,"column":8},"end":{"line":99,"column":53}},"10":{"start":{"line":100,"column":8},"end":{"line":100,"column":70}},"11":{"start":{"line":101,"column":8},"end":{"line":101,"column":55}},"12":{"start":{"line":102,"column":8},"end":{"line":102,"column":55}},"13":{"start":{"line":103,"column":8},"end":{"line":103,"column":68}},"14":{"start":{"line":104,"column":8},"end":{"line":104,"column":65}},"15":{"start":{"line":105,"column":8},"end":{"line":105,"column":69}},"16":{"start":{"line":106,"column":8},"end":{"line":106,"column":66}},"17":{"start":{"line":109,"column":8},"end":{"line":109,"column":3631}},"18":{"start":{"line":110,"column":12},"end":{"line":110,"column":3690}},"19":{"start":{"line":117,"column":8},"end":{"line":117,"column":3882}},"20":{"start":{"line":125,"column":8},"end":{"line":125,"column":53}},"21":{"start":{"line":129,"column":8},"end":{"line":129,"column":53}},"22":{"start":{"line":130,"column":8},"end":{"line":130,"column":70}},"23":{"start":{"line":131,"column":8},"end":{"line":131,"column":55}},"24":{"start":{"line":132,"column":8},"end":{"line":132,"column":55}},"25":{"start":{"line":133,"column":8},"end":{"line":133,"column":77}},"26":{"start":{"line":137,"column":8},"end":{"line":137,"column":50}},"27":{"start":{"line":139,"column":8},"end":{"line":139,"column":4641}},"28":{"start":{"line":141,"column":12},"end":{"line":141,"column":82}},"29":{"start":{"line":143,"column":12},"end":{"line":143,"column":4864}},"30":{"start":{"line":147,"column":12},"end":{"line":147,"column":83}},"31":{"start":{"line":150,"column":12},"end":{"line":150,"column":75}},"32":{"start":{"line":151,"column":12},"end":{"line":151,"column":55}},"33":{"start":{"line":156,"column":8},"end":{"line":156,"column":53}},"34":{"start":{"line":157,"column":8},"end":{"line":157,"column":62}},"35":{"start":{"line":158,"column":8},"end":{"line":158,"column":55}},"36":{"start":{"line":159,"column":8},"end":{"line":159,"column":55}},"37":{"start":{"line":160,"column":8},"end":{"line":160,"column":78}},"38":{"start":{"line":165,"column":8},"end":{"line":165,"column":50}},"39":{"start":{"line":166,"column":8},"end":{"line":166,"column":71}},"40":{"start":{"line":168,"column":8},"end":{"line":168,"column":40}},"41":{"start":{"line":182,"column":8},"end":{"line":182,"column":47}},"42":{"start":{"line":183,"column":8},"end":{"line":183,"column":6299}},"43":{"start":{"line":191,"column":8},"end":{"line":191,"column":33}},"44":{"start":{"line":195,"column":8},"end":{"line":195,"column":50}},"45":{"start":{"line":196,"column":8},"end":{"line":196,"column":31}},"46":{"start":{"line":198,"column":8},"end":{"line":198,"column":6759}},"47":{"start":{"line":199,"column":12},"end":{"line":199,"column":43}},"48":{"start":{"line":200,"column":12},"end":{"line":200,"column":6867}},"49":{"start":{"line":205,"column":8},"end":{"line":205,"column":76}},"50":{"start":{"line":206,"column":8},"end":{"line":206,"column":25}},"51":{"start":{"line":208,"column":8},"end":{"line":208,"column":7122}},"52":{"start":{"line":209,"column":12},"end":{"line":209,"column":43}},"53":{"start":{"line":210,"column":12},"end":{"line":210,"column":7230}},"54":{"start":{"line":227,"column":8},"end":{"line":227,"column":29}}},"branchMap":{"1":{"line":56,"type":"if","locations":[{"start":{"line":56,"column":8},"end":{"line":56,"column":8}},{"start":{"line":56,"column":8},"end":{"line":56,"column":8}}]},"2":{"line":66,"type":"if","locations":[{"start":{"line":66,"column":8},"end":{"line":66,"column":8}},{"start":{"line":66,"column":8},"end":{"line":66,"column":8}}]},"3":{"line":67,"type":"if","locations":[{"start":{"line":67,"column":8},"end":{"line":67,"column":8}},{"start":{"line":67,"column":8},"end":{"line":67,"column":8}}]},"4":{"line":70,"type":"if","locations":[{"start":{"line":70,"column":8},"end":{"line":70,"column":8}},{"start":{"line":70,"column":8},"end":{"line":70,"column":8}}]},"5":{"line":71,"type":"if","locations":[{"start":{"line":71,"column":8},"end":{"line":71,"column":8}},{"start":{"line":71,"column":8},"end":{"line":71,"column":8}}]},"6":{"line":72,"type":"cond-expr","locations":[{"start":{"line":72,"column":12},"end":{"line":72,"column":52}},{"start":{"line":73,"column":12},"end":{"line":73,"column":58}}]},"7":{"line":98,"type":"if","locations":[{"start":{"line":98,"column":66},"end":{"line":98,"column":66}},{"start":{"line":98,"column":66},"end":{"line":98,"column":66}}]},"8":{"line":100,"type":"if","locations":[{"start":{"line":100,"column":8},"end":{"line":100,"column":8}},{"start":{"line":100,"column":8},"end":{"line":100,"column":8}}]},"9":{"line":101,"type":"if","locations":[{"start":{"line":101,"column":8},"end":{"line":101,"column":8}},{"start":{"line":101,"column":8},"end":{"line":101,"column":8}}]},"10":{"line":102,"type":"if","locations":[{"start":{"line":102,"column":8},"end":{"line":102,"column":8}},{"start":{"line":102,"column":8},"end":{"line":102,"column":8}}]},"11":{"line":103,"type":"if","locations":[{"start":{"line":103,"column":8},"end":{"line":103,"column":8}},{"start":{"line":103,"column":8},"end":{"line":103,"column":8}}]},"12":{"line":104,"type":"if","locations":[{"start":{"line":104,"column":8},"end":{"line":104,"column":8}},{"start":{"line":104,"column":8},"end":{"line":104,"column":8}}]},"13":{"line":105,"type":"if","locations":[{"start":{"line":105,"column":8},"end":{"line":105,"column":8}},{"start":{"line":105,"column":8},"end":{"line":105,"column":8}}]},"14":{"line":106,"type":"if","locations":[{"start":{"line":106,"column":8},"end":{"line":106,"column":8}},{"start":{"line":106,"column":8},"end":{"line":106,"column":8}}]},"15":{"line":109,"type":"if","locations":[{"start":{"line":109,"column":8},"end":{"line":109,"column":8}},{"start":{"line":109,"column":8},"end":{"line":109,"column":8}}]},"16":{"line":110,"type":"if","locations":[{"start":{"line":110,"column":12},"end":{"line":110,"column":12}},{"start":{"line":110,"column":12},"end":{"line":110,"column":12}}]},"17":{"line":117,"type":"if","locations":[{"start":{"line":117,"column":8},"end":{"line":117,"column":8}},{"start":{"line":117,"column":8},"end":{"line":117,"column":8}}]},"18":{"line":128,"type":"if","locations":[{"start":{"line":128,"column":52},"end":{"line":128,"column":52}},{"start":{"line":128,"column":52},"end":{"line":128,"column":52}}]},"19":{"line":130,"type":"if","locations":[{"start":{"line":130,"column":8},"end":{"line":130,"column":8}},{"start":{"line":130,"column":8},"end":{"line":130,"column":8}}]},"20":{"line":131,"type":"if","locations":[{"start":{"line":131,"column":8},"end":{"line":131,"column":8}},{"start":{"line":131,"column":8},"end":{"line":131,"column":8}}]},"21":{"line":132,"type":"if","locations":[{"start":{"line":132,"column":8},"end":{"line":132,"column":8}},{"start":{"line":132,"column":8},"end":{"line":132,"column":8}}]},"22":{"line":133,"type":"if","locations":[{"start":{"line":133,"column":8},"end":{"line":133,"column":8}},{"start":{"line":133,"column":8},"end":{"line":133,"column":8}}]},"23":{"line":139,"type":"if","locations":[{"start":{"line":139,"column":8},"end":{"line":139,"column":8}},{"start":{"line":139,"column":8},"end":{"line":139,"column":8}}]},"24":{"line":143,"type":"if","locations":[{"start":{"line":143,"column":12},"end":{"line":143,"column":12}},{"start":{"line":143,"column":12},"end":{"line":143,"column":12}}]},"25":{"line":155,"type":"if","locations":[{"start":{"line":155,"column":55},"end":{"line":155,"column":55}},{"start":{"line":155,"column":55},"end":{"line":155,"column":55}}]},"26":{"line":157,"type":"if","locations":[{"start":{"line":157,"column":8},"end":{"line":157,"column":8}},{"start":{"line":157,"column":8},"end":{"line":157,"column":8}}]},"27":{"line":158,"type":"if","locations":[{"start":{"line":158,"column":8},"end":{"line":158,"column":8}},{"start":{"line":158,"column":8},"end":{"line":158,"column":8}}]},"28":{"line":159,"type":"if","locations":[{"start":{"line":159,"column":8},"end":{"line":159,"column":8}},{"start":{"line":159,"column":8},"end":{"line":159,"column":8}}]},"29":{"line":160,"type":"if","locations":[{"start":{"line":160,"column":8},"end":{"line":160,"column":8}},{"start":{"line":160,"column":8},"end":{"line":160,"column":8}}]},"30":{"line":200,"type":"if","locations":[{"start":{"line":200,"column":12},"end":{"line":200,"column":12}},{"start":{"line":200,"column":12},"end":{"line":200,"column":12}}]},"31":{"line":210,"type":"if","locations":[{"start":{"line":210,"column":12},"end":{"line":210,"column":12}},{"start":{"line":210,"column":12},"end":{"line":210,"column":12}}]}}},"contracts/ProjectToken.sol":{"l":{"23":41,"31":71,"32":70},"path":"/Users/anasofalfons/Documents/UNIVERSIDAD/SEMESTRE_7/CROODY/contracts/contracts/ProjectToken.sol","s":{"1":41,"2":71,"3":70},"b":{"1":[71,1],"2":[1,70]},"f":{"1":41,"2":71},"fnMap":{"1":{"name":"constructor","line":22,"loc":{"start":{"line":22,"column":4},"end":{"line":24,"column":4}}},"2":{"name":"distribute","line":30,"loc":{"start":{"line":30,"column":4},"end":{"line":33,"column":4}}}},"statementMap":{"1":{"start":{"line":23,"column":8},"end":{"line":23,"column":57}},"2":{"start":{"line":31,"column":8},"end":{"line":31,"column":73}},"3":{"start":{"line":32,"column":8},"end":{"line":32,"column":43}}},"branchMap":{"1":{"line":30,"type":"if","locations":[{"start":{"line":30,"column":61},"end":{"line":30,"column":61}},{"start":{"line":30,"column":61},"end":{"line":30,"column":61}}]},"2":{"line":31,"type":"if","locations":[{"start":{"line":31,"column":8},"end":{"line":31,"column":8}},{"start":{"line":31,"column":8},"end":{"line":31,"column":8}}]}}}}